[laminar] Executing cfg/jobs/consul-kv-github.run
I ran something
repo: https://github.com/fkuep/testing-consul-kv.git 
branch: main 
From https://github.com/fkuep/testing-consul-kv
   b43e0e2..4a3701c  main       -> origin/main
Updating b43e0e2..4a3701c
Fast-forward
 tasks/test_other_getmoreoptions.yml   | 2 +-
 tasks/test_other_params.yml           | 2 +-
 tasks/test_other_params_getoption.yml | 2 +-
 3 files changed, 3 insertions(+), 3 deletions(-)
/var/lib/laminar/run/consul-kv-github/23
[WARNING]: No inventory was parsed, only implicit localhost is available
[WARNING]: provided hosts list is empty, only localhost is available. Note that
the implicit localhost does not match 'all'

PLAY [localhost] ***************************************************************

TASK [Gathering Facts] *********************************************************
ok: [localhost]

TASK [test suggested version behauviour on more parameters] ********************
included: /var/lib/laminar/run/consul-kv-github/23/testing-consul-kv/tasks/test_other_getmoreoptions.yml for localhost

TASK [lookup protected key , token , datacenter, recurse and index set] ********
included: /var/lib/laminar/run/consul-kv-github/23/testing-consul-kv/tasks/http-dump.yml for localhost

TASK [clear old tcpdump] *******************************************************
ok: [localhost]

TASK [start tcpdump] ***********************************************************
changed: [localhost]

TASK [pause] *******************************************************************
Pausing for 1 seconds
(ctrl+C then 'C' = continue early, ctrl+C then 'A' = abort)
[WARNING]: Not waiting for response to prompt as stdin is not interactive
ok: [localhost]

TASK [START LOOKUP AND HTTP LOG] ***********************************************
ok: [localhost] => {
    "msg": {
        "ansible": "is community driven",
        "optional-result": "the community drives You"
    }
}

TASK [pause] *******************************************************************
Pausing for 1 seconds
(ctrl+C then 'C' = continue early, ctrl+C then 'A' = abort)
[WARNING]: Not waiting for response to prompt as stdin is not interactive
ok: [localhost]

TASK [kill tcpdump] ************************************************************
changed: [localhost]

TASK [get http traffic] ********************************************************
changed: [localhost]

TASK [show http traffic] *******************************************************
ok: [localhost] => {
    "msg": [
        "",
        "**********  REQUEST  10.49.6.11:59358  ----->  172.16.4.2:8500  //  2021-03-30T04:44:05.330798+02:00",
        "GET /v1/kv/consul_test_kv/some/value?index=1&recurse=1&token=b759c2df-d84e-87e1-bc53-8a662837a272&dc=lemon-slice HTTP/1.1",
        "Host: 172.16.4.2:8500",
        "User-Agent: python-requests/2.25.1",
        "Accept-Encoding: gzip, deflate",
        "Accept: */*",
        "Connection: keep-alive",
        "",
        "",
        "**********  RESPONSE  10.49.6.11:59358  <-----  172.16.4.2:8500  //  2021-03-30T04:44:05.330798+02:00 - 2021-03-30T04:44:05.330798+02:00 = 0s",
        "HTTP/1.1 200 OK",
        "Content-Encoding: gzip",
        "Content-Type: application/json",
        "Vary: Accept-Encoding",
        "X-Consul-Index: 61399",
        "X-Consul-Knownleader: true",
        "X-Consul-Lastcontact: 0",
        "Date: Tue, 30 Mar 2021 02:44:05 GMT",
        "Content-Length: 221",
        "",
        "[",
        "    {",
        "        \"CreateIndex\": 61399,",
        "        \"Flags\": 0,",
        "        \"Key\": \"consul_test_kv/some/value\",",
        "        \"LockIndex\": 0,",
        "        \"ModifyIndex\": 61399,",
        "        \"Value\": \"ewogImFuc2libGUiOiAiaXMgY29tbXVuaXR5IGRyaXZlbiIsCiAib3B0aW9uYWwtcmVzdWx0IjogInRoZSBjb21tdW5pdHkgZHJpdmVzIFlvdSIKfQ==\"",
        "    }",
        "]"
    ]
}

TASK [This lookup is finished] *************************************************
ok: [localhost] => {
    "msg": "FINISHED WITH LOOKUP"
}

PLAY RECAP *********************************************************************
localhost                  : ok=12   changed=3    unreachable=0    failed=0    skipped=0    rescued=0    ignored=0   

[laminar] sending SIGHUP to adopted child processes